# JRE version: OpenJDK Runtime Environment (11.0.11+9) (build 11.0.11+9-b60-7590822)
# Java VM: OpenJDK 64-Bit Server VM (11.0.11+9-b60-7590822, mixed mode, tiered, compressed oops, g1 gc, windows-amd64)
Heap:
 garbage-first heap   total 260096K, used 114800K [0x0000000080000000, 0x0000000100000000)
  region size 1024K, 59 young (60416K), 10 survivors (10240K)
 Metaspace       used 81238K, capacity 83317K, committed 83580K, reserved 1122304K
  class space    used 10617K, capacity 11424K, committed 11520K, reserved 1048576K
GC Heap History (18 events):
Event: 1.686 GC heap before
{Heap before GC invocations=0 (full 0):
 garbage-first heap   total 260096K, used 29696K [0x0000000080000000, 0x0000000100000000)
  region size 1024K, 24 young (24576K), 0 survivors (0K)
 Metaspace       used 10208K, capacity 10483K, committed 10624K, reserved 1058816K
  class space    used 1067K, capacity 1138K, committed 1152K, reserved 1048576K
}
Event: 1.702 GC heap after
{Heap after GC invocations=1 (full 0):
 garbage-first heap   total 260096K, used 9444K [0x0000000080000000, 0x0000000100000000)
  region size 1024K, 3 young (3072K), 3 survivors (3072K)
 Metaspace       used 10208K, capacity 10483K, committed 10624K, reserved 1058816K
  class space    used 1067K, capacity 1138K, committed 1152K, reserved 1048576K
}
Event: 9.309 GC heap before
{Heap before GC invocations=1 (full 0):
 garbage-first heap   total 260096K, used 107748K [0x0000000080000000, 0x0000000100000000)
  region size 1024K, 100 young (102400K), 3 survivors (3072K)
 Metaspace       used 20682K, capacity 21164K, committed 21296K, reserved 1069056K
  class space    used 2533K, capacity 2660K, committed 2688K, reserved 1048576K
}
Event: 9.322 GC heap after
{Heap after GC invocations=2 (full 0):
 garbage-first heap   total 260096K, used 16678K [0x0000000080000000, 0x0000000100000000)
  region size 1024K, 11 young (11264K), 11 survivors (11264K)
 Metaspace       used 20682K, capacity 21164K, committed 21296K, reserved 1069056K
  class space    used 2533K, capacity 2660K, committed 2688K, reserved 1048576K
}
Event: 10.332 GC heap before
{Heap before GC invocations=3 (full 0):
 garbage-first heap   total 260096K, used 61734K [0x0000000080000000, 0x0000000100000000)
  region size 1024K, 55 young (56320K), 11 survivors (11264K)
 Metaspace       used 25203K, capacity 25802K, committed 26032K, reserved 1071104K
  class space    used 3262K, capacity 3467K, committed 3584K, reserved 1048576K
}
Event: 10.343 GC heap after
{Heap after GC invocations=4 (full 0):
 garbage-first heap   total 260096K, used 19126K [0x0000000080000000, 0x0000000100000000)
  region size 1024K, 3 young (3072K), 3 survivors (3072K)
 Metaspace       used 25203K, capacity 25802K, committed 26032K, reserved 1071104K
  class space    used 3262K, capacity 3467K, committed 3584K, reserved 1048576K
}
Event: 12.471 GC heap before
{Heap before GC invocations=4 (full 0):
 garbage-first heap   total 260096K, used 85686K [0x0000000080000000, 0x0000000100000000)
  region size 1024K, 69 young (70656K), 3 survivors (3072K)
 Metaspace       used 34905K, capacity 35644K, committed 35708K, reserved 1081344K
  class space    used 4538K, capacity 4861K, committed 4864K, reserved 1048576K
}
Event: 12.489 GC heap after
{Heap after GC invocations=5 (full 0):
 garbage-first heap   total 260096K, used 22529K [0x0000000080000000, 0x0000000100000000)
  region size 1024K, 6 young (6144K), 6 survivors (6144K)
 Metaspace       used 34905K, capacity 35644K, committed 35708K, reserved 1081344K
  class space    used 4538K, capacity 4861K, committed 4864K, reserved 1048576K
}
Event: 17.078 GC heap before
{Heap before GC invocations=6 (full 0):
 garbage-first heap   total 260096K, used 151553K [0x0000000080000000, 0x0000000100000000)
  region size 1024K, 129 young (132096K), 6 survivors (6144K)
 Metaspace       used 45569K, capacity 46614K, committed 46844K, reserved 1089536K
  class space    used 5837K, capacity 6243K, committed 6272K, reserved 1048576K
}
Event: 17.094 GC heap after
{Heap after GC invocations=7 (full 0):
 garbage-first heap   total 260096K, used 29564K [0x0000000080000000, 0x0000000100000000)
  region size 1024K, 13 young (13312K), 13 survivors (13312K)
 Metaspace       used 45569K, capacity 46614K, committed 46844K, reserved 1089536K
  class space    used 5837K, capacity 6243K, committed 6272K, reserved 1048576K
}
Event: 21.145 GC heap before
{Heap before GC invocations=7 (full 0):
 garbage-first heap   total 260096K, used 174972K [0x0000000080000000, 0x0000000100000000)
  region size 1024K, 150 young (153600K), 13 survivors (13312K)
 Metaspace       used 56981K, capacity 58317K, committed 58620K, reserved 1099776K
  class space    used 7217K, capacity 7710K, committed 7808K, reserved 1048576K
}
Event: 21.168 GC heap after
{Heap after GC invocations=8 (full 0):
 garbage-first heap   total 260096K, used 46227K [0x0000000080000000, 0x0000000100000000)
  region size 1024K, 19 young (19456K), 19 survivors (19456K)
 Metaspace       used 56981K, capacity 58317K, committed 58620K, reserved 1099776K
  class space    used 7217K, capacity 7710K, committed 7808K, reserved 1048576K
}
Event: 21.399 GC heap before
{Heap before GC invocations=8 (full 0):
 garbage-first heap   total 260096K, used 53395K [0x0000000080000000, 0x0000000100000000)
  region size 1024K, 27 young (27648K), 19 survivors (19456K)
 Metaspace       used 58443K, capacity 59760K, committed 59940K, reserved 1101824K
  class space    used 7413K, capacity 7915K, committed 7936K, reserved 1048576K
}
Event: 21.433 GC heap after
{Heap after GC invocations=9 (full 0):
 garbage-first heap   total 260096K, used 47987K [0x0000000080000000, 0x0000000100000000)
  region size 1024K, 3 young (3072K), 3 survivors (3072K)
 Metaspace       used 58443K, capacity 59760K, committed 59940K, reserved 1101824K
  class space    used 7413K, capacity 7915K, committed 7936K, reserved 1048576K
}
Event: 25.308 GC heap before
{Heap before GC invocations=10 (full 0):
 garbage-first heap   total 260096K, used 200563K [0x0000000080000000, 0x0000000100000000)
  region size 1024K, 152 young (155648K), 3 survivors (3072K)
 Metaspace       used 70746K, capacity 72350K, committed 72444K, reserved 1112064K
  class space    used 9187K, capacity 9786K, committed 9856K, reserved 1048576K
}
Event: 25.322 GC heap after
{Heap after GC invocations=11 (full 0):
 garbage-first heap   total 260096K, used 56899K [0x0000000080000000, 0x0000000100000000)
  region size 1024K, 12 young (12288K), 12 survivors (12288K)
 Metaspace       used 70746K, capacity 72350K, committed 72444K, reserved 1112064K
  class space    used 9187K, capacity 9786K, committed 9856K, reserved 1048576K
}
Event: 29.217 GC heap before
{Heap before GC invocations=11 (full 0):
 garbage-first heap   total 260096K, used 199235K [0x0000000080000000, 0x0000000100000000)
  region size 1024K, 152 young (155648K), 12 survivors (12288K)
 Metaspace       used 80340K, capacity 82325K, committed 82684K, reserved 1120256K
  class space    used 10532K, capacity 11288K, committed 11392K, reserved 1048576K
}
Event: 29.242 GC heap after
{Heap after GC invocations=12 (full 0):
 garbage-first heap   total 260096K, used 66672K [0x0000000080000000, 0x0000000100000000)
  region size 1024K, 10 young (10240K), 10 survivors (10240K)
 Metaspace       used 80340K, capacity 82325K, committed 82684K, reserved 1120256K
  class space    used 10532K, capacity 11288K, committed 11392K, reserved 1048576K
}

