# JRE version: OpenJDK Runtime Environment (11.0.11+9) (build 11.0.11+9-b60-7590822)
# Java VM: OpenJDK 64-Bit Server VM (11.0.11+9-b60-7590822, mixed mode, tiered, compressed oops, g1 gc, windows-amd64)
Heap:
 garbage-first heap   total 260096K, used 188502K [0x0000000080000000, 0x0000000100000000)
  region size 1024K, 76 young (77824K), 7 survivors (7168K)
 Metaspace       used 122507K, capacity 126024K, committed 126336K, reserved 1159168K
  class space    used 15223K, capacity 16536K, committed 16756K, reserved 1048576K
GC Heap History (20 events):
Event: 798.705 GC heap before
{Heap before GC invocations=24 (full 0):
 garbage-first heap   total 260096K, used 220292K [0x0000000080000000, 0x0000000100000000)
  region size 1024K, 114 young (116736K), 8 survivors (8192K)
 Metaspace       used 120562K, capacity 124180K, committed 124288K, reserved 1157120K
  class space    used 15311K, capacity 16704K, committed 16756K, reserved 1048576K
}
Event: 798.721 GC heap after
{Heap after GC invocations=25 (full 0):
 garbage-first heap   total 260096K, used 111939K [0x0000000080000000, 0x0000000100000000)
  region size 1024K, 15 young (15360K), 15 survivors (15360K)
 Metaspace       used 120562K, capacity 124180K, committed 124288K, reserved 1157120K
  class space    used 15311K, capacity 16704K, committed 16756K, reserved 1048576K
}
Event: 802.068 GC heap before
{Heap before GC invocations=25 (full 0):
 garbage-first heap   total 260096K, used 217411K [0x0000000080000000, 0x0000000100000000)
  region size 1024K, 102 young (104448K), 15 survivors (15360K)
 Metaspace       used 120834K, capacity 124385K, committed 124544K, reserved 1157120K
  class space    used 15312K, capacity 16705K, committed 16756K, reserved 1048576K
}
Event: 802.092 GC heap after
{Heap after GC invocations=26 (full 0):
 garbage-first heap   total 260096K, used 124384K [0x0000000080000000, 0x0000000100000000)
  region size 1024K, 11 young (11264K), 11 survivors (11264K)
 Metaspace       used 120834K, capacity 124385K, committed 124544K, reserved 1157120K
  class space    used 15312K, capacity 16705K, committed 16756K, reserved 1048576K
}
Event: 803.046 GC heap before
{Heap before GC invocations=26 (full 0):
 garbage-first heap   total 260096K, used 204256K [0x0000000080000000, 0x0000000100000000)
  region size 1024K, 88 young (90112K), 11 survivors (11264K)
 Metaspace       used 121160K, capacity 124732K, committed 124800K, reserved 1157120K
  class space    used 15314K, capacity 16707K, committed 16756K, reserved 1048576K
}
Event: 803.061 GC heap after
{Heap after GC invocations=27 (full 0):
 garbage-first heap   total 260096K, used 129816K [0x0000000080000000, 0x0000000100000000)
  region size 1024K, 9 young (9216K), 9 survivors (9216K)
 Metaspace       used 121160K, capacity 124732K, committed 124800K, reserved 1157120K
  class space    used 15314K, capacity 16707K, committed 16756K, reserved 1048576K
}
Event: 803.481 GC heap before
{Heap before GC invocations=27 (full 0):
 garbage-first heap   total 260096K, used 171800K [0x0000000080000000, 0x0000000100000000)
  region size 1024K, 52 young (53248K), 9 survivors (9216K)
 Metaspace       used 121341K, capacity 124881K, committed 125056K, reserved 1157120K
  class space    used 15315K, capacity 16708K, committed 16756K, reserved 1048576K
}
Event: 803.496 GC heap after
{Heap after GC invocations=28 (full 0):
 garbage-first heap   total 260096K, used 126966K [0x0000000080000000, 0x0000000100000000)
  region size 1024K, 3 young (3072K), 3 survivors (3072K)
 Metaspace       used 121341K, capacity 124881K, committed 125056K, reserved 1157120K
  class space    used 15315K, capacity 16708K, committed 16756K, reserved 1048576K
}
Event: 920.402 GC heap before
{Heap before GC invocations=29 (full 0):
 garbage-first heap   total 260096K, used 207862K [0x0000000080000000, 0x0000000100000000)
  region size 1024K, 76 young (77824K), 3 survivors (3072K)
 Metaspace       used 121175K, capacity 124515K, committed 125312K, reserved 1159168K
  class space    used 15171K, capacity 16449K, committed 16756K, reserved 1048576K
}
Event: 920.409 GC heap after
{Heap after GC invocations=30 (full 0):
 garbage-first heap   total 260096K, used 125930K [0x0000000080000000, 0x0000000100000000)
  region size 1024K, 5 young (5120K), 5 survivors (5120K)
 Metaspace       used 121175K, capacity 124515K, committed 125312K, reserved 1159168K
  class space    used 15171K, capacity 16449K, committed 16756K, reserved 1048576K
}
Event: 920.574 GC heap before
{Heap before GC invocations=30 (full 0):
 garbage-first heap   total 260096K, used 133098K [0x0000000080000000, 0x0000000100000000)
  region size 1024K, 12 young (12288K), 5 survivors (5120K)
 Metaspace       used 121248K, capacity 124578K, committed 125312K, reserved 1159168K
  class space    used 15181K, capacity 16467K, committed 16756K, reserved 1048576K
}
Event: 920.594 GC heap after
{Heap after GC invocations=31 (full 0):
 garbage-first heap   total 260096K, used 107055K [0x0000000080000000, 0x0000000100000000)
  region size 1024K, 2 young (2048K), 2 survivors (2048K)
 Metaspace       used 121248K, capacity 124578K, committed 125312K, reserved 1159168K
  class space    used 15181K, capacity 16467K, committed 16756K, reserved 1048576K
}
Event: 921.934 GC heap before
{Heap before GC invocations=31 (full 0):
 garbage-first heap   total 260096K, used 201263K [0x0000000080000000, 0x0000000100000000)
  region size 1024K, 91 young (93184K), 2 survivors (2048K)
 Metaspace       used 121359K, capacity 124777K, committed 125568K, reserved 1159168K
  class space    used 15182K, capacity 16468K, committed 16756K, reserved 1048576K
}
Event: 921.951 GC heap after
{Heap after GC invocations=32 (full 0):
 garbage-first heap   total 260096K, used 118699K [0x0000000080000000, 0x0000000100000000)
  region size 1024K, 11 young (11264K), 11 survivors (11264K)
 Metaspace       used 121359K, capacity 124777K, committed 125568K, reserved 1159168K
  class space    used 15182K, capacity 16468K, committed 16756K, reserved 1048576K
}
Event: 1736.507 GC heap before
{Heap before GC invocations=32 (full 0):
 garbage-first heap   total 260096K, used 210859K [0x0000000080000000, 0x0000000100000000)
  region size 1024K, 93 young (95232K), 11 survivors (11264K)
 Metaspace       used 121700K, capacity 125051K, committed 125824K, reserved 1159168K
  class space    used 15182K, capacity 16468K, committed 16756K, reserved 1048576K
}
Event: 1736.510 GC heap after
{Heap after GC invocations=33 (full 0):
 garbage-first heap   total 260096K, used 109059K [0x0000000080000000, 0x0000000100000000)
  region size 1024K, 2 young (2048K), 2 survivors (2048K)
 Metaspace       used 121700K, capacity 125051K, committed 125824K, reserved 1159168K
  class space    used 15182K, capacity 16468K, committed 16756K, reserved 1048576K
}
Event: 2015.952 GC heap before
{Heap before GC invocations=33 (full 0):
 garbage-first heap   total 260096K, used 205315K [0x0000000080000000, 0x0000000100000000)
  region size 1024K, 95 young (97280K), 2 survivors (2048K)
 Metaspace       used 122017K, capacity 125396K, committed 126080K, reserved 1159168K
  class space    used 15183K, capacity 16469K, committed 16756K, reserved 1048576K
}
Event: 2015.959 GC heap after
{Heap after GC invocations=34 (full 0):
 garbage-first heap   total 260096K, used 116010K [0x0000000080000000, 0x0000000100000000)
  region size 1024K, 7 young (7168K), 7 survivors (7168K)
 Metaspace       used 122017K, capacity 125396K, committed 126080K, reserved 1159168K
  class space    used 15183K, capacity 16469K, committed 16756K, reserved 1048576K
}
Event: 2016.582 GC heap before
{Heap before GC invocations=34 (full 0):
 garbage-first heap   total 260096K, used 154922K [0x0000000080000000, 0x0000000100000000)
  region size 1024K, 41 young (41984K), 7 survivors (7168K)
 Metaspace       used 122102K, capacity 125481K, committed 126080K, reserved 1159168K
  class space    used 15185K, capacity 16471K, committed 16756K, reserved 1048576K
}
Event: 2016.600 GC heap after
{Heap after GC invocations=35 (full 0):
 garbage-first heap   total 260096K, used 120918K [0x0000000080000000, 0x0000000100000000)
  region size 1024K, 7 young (7168K), 7 survivors (7168K)
 Metaspace       used 122102K, capacity 125481K, committed 126080K, reserved 1159168K
  class space    used 15185K, capacity 16471K, committed 16756K, reserved 1048576K
}

